[debug] [2025-06-08T05:08:27.440Z] ----------------------------------------------------------------------
[debug] [2025-06-08T05:08:27.444Z] Command:       C:\Program Files\nodejs\node.exe C:\Users\guime\AppData\Roaming\npm\node_modules\firebase-tools\lib\bin\firebase.js init functions
[debug] [2025-06-08T05:08:27.444Z] CLI Version:   14.6.0
[debug] [2025-06-08T05:08:27.444Z] Platform:      win32
[debug] [2025-06-08T05:08:27.444Z] Node Version:  v22.15.1
[debug] [2025-06-08T05:08:27.445Z] Time:          Sun Jun 08 2025 02:08:27 GMT-0300 (Horário Padrão de Brasília)
[debug] [2025-06-08T05:08:27.445Z] ----------------------------------------------------------------------
[debug] 
[debug] [2025-06-08T05:08:27.448Z] >>> [apiv2][query] GET https://firebase-public.firebaseio.com/cli.json [none]
[debug] [2025-06-08T05:08:27.662Z] > command requires scopes: ["email","openid","https://www.googleapis.com/auth/cloudplatformprojects.readonly","https://www.googleapis.com/auth/firebase","https://www.googleapis.com/auth/cloud-platform"]
[debug] [2025-06-08T05:08:27.663Z] > authorizing via signed-in user (eliteads.ars@gmail.com)
[info] 
     ######## #### ########  ######## ########     ###     ######  ########
     ##        ##  ##     ## ##       ##     ##  ##   ##  ##       ##
     ######    ##  ########  ######   ########  #########  ######  ######
     ##        ##  ##    ##  ##       ##     ## ##     ##       ## ##
     ##       #### ##     ## ######## ########  ##     ##  ######  ########

You're about to initialize a Firebase project in this directory:

  C:\Users\guime\OneDrive\Área de Trabalho\ManusNewC

Before we get started, keep in mind:

  * You are initializing within an existing Firebase project directory

[debug] [2025-06-08T05:08:28.117Z] <<< [apiv2][status] GET https://firebase-public.firebaseio.com/cli.json 200
[debug] [2025-06-08T05:08:28.117Z] <<< [apiv2][body] GET https://firebase-public.firebaseio.com/cli.json {"cloudBuildErrorAfter":1594252800000,"cloudBuildWarnAfter":1590019200000,"defaultNode10After":1594252800000,"minVersion":"3.0.5","node8DeploysDisabledAfter":1613390400000,"node8RuntimeDisabledAfter":1615809600000,"node8WarnAfter":1600128000000}
